This file contains any messages produced by compilers while
running configure, to aid debugging if configure makes a mistake.

It was created by xmux configure 0.0.1, which was
generated by GNU Autoconf 2.67.  Invocation command line was

  $ ./configure 

## --------- ##
## Platform. ##
## --------- ##

hostname = wucan-laptop
uname -m = i686
uname -r = 2.6.37-rc2+
uname -s = Linux
uname -v = #5 SMP Wed Nov 17 16:07:43 CST 2010

/usr/bin/uname -p = unknown
/bin/uname -X     = unknown

/bin/arch              = unknown
/usr/bin/arch -k       = unknown
/usr/convex/getsysinfo = unknown
/usr/bin/hostinfo      = unknown
/bin/machine           = unknown
/usr/bin/oslevel       = unknown
/bin/universe          = unknown

PATH: /usr/local/cuda/bin
PATH: /home/wucan/.local/bin
PATH: /home/wucan/bin
PATH: /usr/local/texlive/2008/bin/i386-linux
PATH: /home/wucan/scripts/
PATH: /usr/local/libexec/git-core
PATH: /usr/local/sbin
PATH: /usr/local/bin
PATH: /usr/sbin
PATH: /usr/bin
PATH: /sbin
PATH: /bin
PATH: /usr/games
PATH: /opt/real/RealPlayer
PATH: /opt/hisi-linux/x86-arm/gcc-3.4.3-uClibc-0.9.28/bin/
PATH: /opt/hisi-linux/x86-arm/gcc-3.4.3-uClibc-0.9.28/usr/bin


## ----------- ##
## Core tests. ##
## ----------- ##

configure:2289: checking for a BSD-compatible install
configure:2357: result: /usr/bin/install -c
configure:2368: checking whether build environment is sane
configure:2418: result: yes
configure:2559: checking for a thread-safe mkdir -p
configure:2598: result: /bin/mkdir -p
configure:2611: checking for gawk
configure:2627: found /usr/bin/gawk
configure:2638: result: gawk
configure:2649: checking whether make sets $(MAKE)
configure:2671: result: yes
configure:2752: checking whether to enable maintainer-specific portions of Makefiles
configure:2761: result: no
configure:2826: checking for gcc
configure:2842: found /usr/bin/gcc
configure:2853: result: gcc
configure:3082: checking for C compiler version
configure:3091: gcc --version >&5
gcc (Ubuntu/Linaro 4.4.4-14ubuntu5) 4.4.5
Copyright (C) 2010 Free Software Foundation, Inc.
This is free software; see the source for copying conditions.  There is NO
warranty; not even for MERCHANTABILITY or FITNESS FOR A PARTICULAR PURPOSE.

configure:3102: $? = 0
configure:3091: gcc -v >&5
Using built-in specs.
Target: i686-linux-gnu
Configured with: ../src/configure -v --with-pkgversion='Ubuntu/Linaro 4.4.4-14ubuntu5' --with-bugurl=file:///usr/share/doc/gcc-4.4/README.Bugs --enable-languages=c,c++,fortran,objc,obj-c++ --prefix=/usr --program-suffix=-4.4 --enable-shared --enable-multiarch --enable-linker-build-id --with-system-zlib --libexecdir=/usr/lib --without-included-gettext --enable-threads=posix --with-gxx-include-dir=/usr/include/c++/4.4 --libdir=/usr/lib --enable-nls --with-sysroot=/ --enable-clocale=gnu --enable-libstdcxx-debug --enable-objc-gc --enable-targets=all --disable-werror --with-arch-32=i686 --with-tune=generic --enable-checking=release --build=i686-linux-gnu --host=i686-linux-gnu --target=i686-linux-gnu
Thread model: posix
gcc version 4.4.5 (Ubuntu/Linaro 4.4.4-14ubuntu5) 
configure:3102: $? = 0
configure:3091: gcc -V >&5
gcc: '-V' option must have argument
configure:3102: $? = 1
configure:3091: gcc -qversion >&5
gcc: unrecognized option '-qversion'
gcc: no input files
configure:3102: $? = 1
configure:3122: checking whether the C compiler works
configure:3144: gcc -g   conftest.c  >&5
configure:3148: $? = 0
configure:3189: checking for C compiler default output file name
configure:3191: result: a.out
configure:3197: checking for suffix of executables
configure:3204: gcc -o conftest -g   conftest.c  >&5
configure:3208: $? = 0
configure:3230: result: 
configure:3252: checking whether we are cross compiling
configure:3260: gcc -o conftest -g   conftest.c  >&5
configure:3264: $? = 0
configure:3271: ./conftest
configure:3275: $? = 0
configure:3290: result: no
configure:3295: checking for suffix of object files
configure:3317: gcc -c -g  conftest.c >&5
configure:3321: $? = 0
configure:3342: result: o
configure:3346: checking whether we are using the GNU C compiler
configure:3365: gcc -c -g  conftest.c >&5
configure:3365: $? = 0
configure:3374: result: yes
configure:3383: checking whether gcc accepts -g
configure:3403: gcc -c -g  conftest.c >&5
configure:3403: $? = 0
configure:3444: result: yes
configure:3461: checking for gcc option to accept ISO C89
configure:3525: gcc  -c -g  conftest.c >&5
configure:3525: $? = 0
configure:3538: result: none needed
configure:3569: checking for style of include used by make
configure:3597: result: GNU
configure:3622: checking dependency style of gcc
configure:3732: result: gcc3
configure:3776: checking build system type
configure:3790: result: i686-pc-linux-gnu
configure:3810: checking host system type
configure:3823: result: i686-pc-linux-gnu
configure:3843: checking for a sed that does not truncate output
configure:3907: result: /bin/sed
configure:3925: checking for grep that handles long lines and -e
configure:3983: result: /bin/grep
configure:3988: checking for egrep
configure:4050: result: /bin/grep -E
configure:4055: checking for fgrep
configure:4117: result: /bin/grep -F
configure:4152: checking for ld used by gcc
configure:4219: result: /usr/bin/ld
configure:4226: checking if the linker (/usr/bin/ld) is GNU ld
configure:4241: result: yes
configure:4253: checking for BSD- or MS-compatible name lister (nm)
configure:4302: result: /usr/bin/nm -B
configure:4420: checking the name lister (/usr/bin/nm -B) interface
configure:4437: gcc -c -g  conftest.c >&5
configure:4440: /usr/bin/nm -B "conftest.o"
configure:4443: output
00000000 B some_variable
configure:4440: result: BSD nm
configure:4443: checking whether ln -s works
configure:4447: result: yes
configure:4455: checking the maximum length of command line arguments
configure:4575: result: 1572864
configure:4592: checking whether the shell understands some XSI constructs
configure:4602: result: yes
configure:4606: checking whether the shell understands "+="
configure:4612: result: yes
configure:4647: checking for /usr/bin/ld option to reload object files
configure:4654: result: -r
configure:4723: checking for objdump
configure:4739: found /usr/bin/objdump
configure:4750: result: objdump
configure:4782: checking how to recognize dependent libraries
configure:4978: result: pass_all
configure:5038: checking for ar
configure:5054: found /usr/bin/ar
configure:5065: result: ar
configure:5143: checking for strip
configure:5159: found /usr/bin/strip
configure:5170: result: strip
configure:5242: checking for ranlib
configure:5258: found /usr/bin/ranlib
configure:5269: result: ranlib
configure:5359: checking command to parse /usr/bin/nm -B output from gcc object
configure:5477: gcc -c -g  conftest.c >&5
configure:5480: $? = 0
configure:5484: /usr/bin/nm -B conftest.o \| sed -n -e 's/^.*[	 ]\([ABCDGIRSTW][ABCDGIRSTW]*\)[	 ][	 ]*\([_A-Za-z][_A-Za-z0-9]*\)$/\1 \2 \2/p' \> conftest.nm
configure:5487: $? = 0
configure:5541: gcc -o conftest -g   conftest.c conftstm.o >&5
configure:5544: $? = 0
configure:5582: result: ok
configure:6391: checking how to run the C preprocessor
configure:6422: gcc -E  conftest.c
configure:6422: $? = 0
configure:6436: gcc -E  conftest.c
conftest.c:11: fatal error: ac_nonexistent.h: No such file or directory
compilation terminated.
configure:6436: $? = 1
configure: failed program was:
| /* confdefs.h */
| #define PACKAGE_NAME "xmux"
| #define PACKAGE_TARNAME "xmux"
| #define PACKAGE_VERSION "0.0.1"
| #define PACKAGE_STRING "xmux 0.0.1"
| #define PACKAGE_BUGREPORT "http://www.canus.org/xmux"
| #define PACKAGE_URL ""
| #define PACKAGE "xmux"
| #define VERSION "0.0.1"
| /* end confdefs.h.  */
| #include <ac_nonexistent.h>
configure:6461: result: gcc -E
configure:6481: gcc -E  conftest.c
configure:6481: $? = 0
configure:6495: gcc -E  conftest.c
conftest.c:11: fatal error: ac_nonexistent.h: No such file or directory
compilation terminated.
configure:6495: $? = 1
configure: failed program was:
| /* confdefs.h */
| #define PACKAGE_NAME "xmux"
| #define PACKAGE_TARNAME "xmux"
| #define PACKAGE_VERSION "0.0.1"
| #define PACKAGE_STRING "xmux 0.0.1"
| #define PACKAGE_BUGREPORT "http://www.canus.org/xmux"
| #define PACKAGE_URL ""
| #define PACKAGE "xmux"
| #define VERSION "0.0.1"
| /* end confdefs.h.  */
| #include <ac_nonexistent.h>
configure:6524: checking for ANSI C header files
configure:6544: gcc -c -g  conftest.c >&5
configure:6544: $? = 0
configure:6617: gcc -o conftest -g   conftest.c  >&5
configure:6617: $? = 0
configure:6617: ./conftest
configure:6617: $? = 0
configure:6628: result: yes
configure:6641: checking for sys/types.h
configure:6641: gcc -c -g  conftest.c >&5
configure:6641: $? = 0
configure:6641: result: yes
configure:6641: checking for sys/stat.h
configure:6641: gcc -c -g  conftest.c >&5
configure:6641: $? = 0
configure:6641: result: yes
configure:6641: checking for stdlib.h
configure:6641: gcc -c -g  conftest.c >&5
configure:6641: $? = 0
configure:6641: result: yes
configure:6641: checking for string.h
configure:6641: gcc -c -g  conftest.c >&5
configure:6641: $? = 0
configure:6641: result: yes
configure:6641: checking for memory.h
configure:6641: gcc -c -g  conftest.c >&5
configure:6641: $? = 0
configure:6641: result: yes
configure:6641: checking for strings.h
configure:6641: gcc -c -g  conftest.c >&5
configure:6641: $? = 0
configure:6641: result: yes
configure:6641: checking for inttypes.h
configure:6641: gcc -c -g  conftest.c >&5
configure:6641: $? = 0
configure:6641: result: yes
configure:6641: checking for stdint.h
configure:6641: gcc -c -g  conftest.c >&5
configure:6641: $? = 0
configure:6641: result: yes
configure:6641: checking for unistd.h
configure:6641: gcc -c -g  conftest.c >&5
configure:6641: $? = 0
configure:6641: result: yes
configure:6655: checking for dlfcn.h
configure:6655: gcc -c -g  conftest.c >&5
configure:6655: $? = 0
configure:6655: result: yes
configure:6839: checking for objdir
configure:6854: result: .libs
configure:7146: checking if gcc supports -fno-rtti -fno-exceptions
configure:7174: gcc -c -g  -fno-rtti -fno-exceptions conftest.c >&5
cc1: warning: command line option "-fno-rtti" is valid for C++/ObjC++ but not for C
configure:7178: $? = 0
configure:7181: result: no
configure:7201: checking for gcc option to produce PIC
configure:7473: result: -fPIC -DPIC
configure:7485: checking if gcc PIC flag -fPIC -DPIC works
configure:7513: gcc -c -g  -fPIC -DPIC -DPIC conftest.c >&5
configure:7517: $? = 0
configure:7520: result: yes
configure:7544: checking if gcc static flag -static works
configure:7572: result: yes
configure:7587: checking if gcc supports -c -o file.o
configure:7618: gcc -c -g  -o out/conftest2.o conftest.c >&5
configure:7622: $? = 0
configure:7634: result: yes
configure:7642: checking if gcc supports -c -o file.o
configure:7689: result: yes
configure:7722: checking whether the gcc linker (/usr/bin/ld) supports shared libraries
configure:8713: result: yes
configure:8750: checking whether -lc should be explicitly linked in
configure:8755: gcc -c -g  conftest.c >&5
configure:8758: $? = 0
configure:8773: gcc -shared conftest.o  -v -Wl,-soname -Wl,conftest -o conftest 2\>\&1 \| /bin/grep  -lc  \>/dev/null 2\>\&1
configure:8776: $? = 0
configure:8788: result: no
configure:8952: checking dynamic linker characteristics
configure:9385: gcc -o conftest -g   -Wl,-rpath -Wl,/foo conftest.c  >&5
configure:9385: $? = 0
configure:9615: result: GNU/Linux ld.so
configure:9717: checking how to hardcode library paths into programs
configure:9742: result: immediate
configure:10262: checking whether stripping libraries is possible
configure:10267: result: yes
configure:10302: checking if libtool supports shared libraries
configure:10304: result: yes
configure:10307: checking whether to build shared libraries
configure:10328: result: yes
configure:10331: checking whether to build static libraries
configure:10335: result: yes
configure:10454: checking for pkg-config
configure:10472: found /usr/bin/pkg-config
configure:10484: result: /usr/bin/pkg-config
configure:10509: checking pkg-config is at least version 0.9.0
configure:10512: result: yes
configure:10522: checking for DVBPSI
configure:10529: $PKG_CONFIG --exists --print-errors "libdvbpsi >= 0.1.7"
configure:10532: $? = 0
configure:10545: $PKG_CONFIG --exists --print-errors "libdvbpsi >= 0.1.7"
configure:10548: $? = 0
configure:10585: result: yes
configure:10739: creating ./config.status

## ---------------------- ##
## Running config.status. ##
## ---------------------- ##

This file was extended by xmux config.status 0.0.1, which was
generated by GNU Autoconf 2.67.  Invocation command line was

  CONFIG_FILES    = 
  CONFIG_HEADERS  = 
  CONFIG_LINKS    = 
  CONFIG_COMMANDS = 
  $ ./config.status 

on wucan-laptop

config.status:1090: creating Makefile
config.status:1090: creating libsnmpagent/Makefile
config.status:1090: creating src/Makefile
config.status:1090: creating src/imp/Makefile
config.status:1090: creating src/imp/fpga/Makefile
config.status:1090: creating src/psisi/Makefile
config.status:1090: creating src/libwu/Makefile
config.status:1090: creating doc/Makefile
config.status:1090: creating config.h
config.status:1270: config.h is unchanged
config.status:1318: executing depfiles commands
config.status:1318: executing libtool commands

## ---------------- ##
## Cache variables. ##
## ---------------- ##

ac_cv_build=i686-pc-linux-gnu
ac_cv_c_compiler_gnu=yes
ac_cv_env_CC_set=
ac_cv_env_CC_value=
ac_cv_env_CFLAGS_set=set
ac_cv_env_CFLAGS_value=-g
ac_cv_env_CPPFLAGS_set=
ac_cv_env_CPPFLAGS_value=
ac_cv_env_CPP_set=
ac_cv_env_CPP_value=
ac_cv_env_DVBPSI_CFLAGS_set=
ac_cv_env_DVBPSI_CFLAGS_value=
ac_cv_env_DVBPSI_LIBS_set=
ac_cv_env_DVBPSI_LIBS_value=
ac_cv_env_LDFLAGS_set=
ac_cv_env_LDFLAGS_value=
ac_cv_env_LIBS_set=
ac_cv_env_LIBS_value=
ac_cv_env_PKG_CONFIG_LIBDIR_set=
ac_cv_env_PKG_CONFIG_LIBDIR_value=
ac_cv_env_PKG_CONFIG_PATH_set=
ac_cv_env_PKG_CONFIG_PATH_value=
ac_cv_env_PKG_CONFIG_set=
ac_cv_env_PKG_CONFIG_value=
ac_cv_env_build_alias_set=
ac_cv_env_build_alias_value=
ac_cv_env_host_alias_set=
ac_cv_env_host_alias_value=
ac_cv_env_target_alias_set=
ac_cv_env_target_alias_value=
ac_cv_header_dlfcn_h=yes
ac_cv_header_inttypes_h=yes
ac_cv_header_memory_h=yes
ac_cv_header_stdc=yes
ac_cv_header_stdint_h=yes
ac_cv_header_stdlib_h=yes
ac_cv_header_string_h=yes
ac_cv_header_strings_h=yes
ac_cv_header_sys_stat_h=yes
ac_cv_header_sys_types_h=yes
ac_cv_header_unistd_h=yes
ac_cv_host=i686-pc-linux-gnu
ac_cv_objext=o
ac_cv_path_EGREP='/bin/grep -E'
ac_cv_path_FGREP='/bin/grep -F'
ac_cv_path_GREP=/bin/grep
ac_cv_path_SED=/bin/sed
ac_cv_path_ac_pt_PKG_CONFIG=/usr/bin/pkg-config
ac_cv_path_install='/usr/bin/install -c'
ac_cv_path_mkdir=/bin/mkdir
ac_cv_prog_AWK=gawk
ac_cv_prog_CPP='gcc -E'
ac_cv_prog_ac_ct_AR=ar
ac_cv_prog_ac_ct_CC=gcc
ac_cv_prog_ac_ct_OBJDUMP=objdump
ac_cv_prog_ac_ct_RANLIB=ranlib
ac_cv_prog_ac_ct_STRIP=strip
ac_cv_prog_cc_c89=
ac_cv_prog_cc_g=yes
ac_cv_prog_make_make_set=yes
am_cv_CC_dependencies_compiler_type=gcc3
lt_cv_deplibs_check_method=pass_all
lt_cv_file_magic_cmd='$MAGIC_CMD'
lt_cv_file_magic_test_file=
lt_cv_ld_reload_flag=-r
lt_cv_nm_interface='BSD nm'
lt_cv_objdir=.libs
lt_cv_path_LD=/usr/bin/ld
lt_cv_path_NM='/usr/bin/nm -B'
lt_cv_prog_compiler_c_o=yes
lt_cv_prog_compiler_pic_works=yes
lt_cv_prog_compiler_rtti_exceptions=no
lt_cv_prog_compiler_static_works=yes
lt_cv_prog_gnu_ld=yes
lt_cv_sys_global_symbol_pipe='sed -n -e '\''s/^.*[	 ]\([ABCDGIRSTW][ABCDGIRSTW]*\)[	 ][	 ]*\([_A-Za-z][_A-Za-z0-9]*\)$/\1 \2 \2/p'\'''
lt_cv_sys_global_symbol_to_c_name_address='sed -n -e '\''s/^: \([^ ]*\) $/  {\"\1\", (void *) 0},/p'\'' -e '\''s/^[ABCDGIRSTW]* \([^ ]*\) \([^ ]*\)$/  {"\2", (void *) \&\2},/p'\'''
lt_cv_sys_global_symbol_to_c_name_address_lib_prefix='sed -n -e '\''s/^: \([^ ]*\) $/  {\"\1\", (void *) 0},/p'\'' -e '\''s/^[ABCDGIRSTW]* \([^ ]*\) \(lib[^ ]*\)$/  {"\2", (void *) \&\2},/p'\'' -e '\''s/^[ABCDGIRSTW]* \([^ ]*\) \([^ ]*\)$/  {"lib\2", (void *) \&\2},/p'\'''
lt_cv_sys_global_symbol_to_cdecl='sed -n -e '\''s/^T .* \(.*\)$/extern int \1();/p'\'' -e '\''s/^[ABCDGIRSTW]* .* \(.*\)$/extern char \1;/p'\'''
lt_cv_sys_max_cmd_len=1572864
pkg_cv_DVBPSI_CFLAGS=' '
pkg_cv_DVBPSI_LIBS='-ldvbpsi  '

## ----------------- ##
## Output variables. ##
## ----------------- ##

ACLOCAL='${SHELL} /home/wucan/workdir/x/xmux/missing --run aclocal-1.11'
AMDEPBACKSLASH='\'
AMDEP_FALSE='#'
AMDEP_TRUE=''
AMTAR='${SHELL} /home/wucan/workdir/x/xmux/missing --run tar'
AR='ar'
AUTOCONF='${SHELL} /home/wucan/workdir/x/xmux/missing --run autoconf'
AUTOHEADER='${SHELL} /home/wucan/workdir/x/xmux/missing --run autoheader'
AUTOMAKE='${SHELL} /home/wucan/workdir/x/xmux/missing --run automake-1.11'
AWK='gawk'
BUILD_FOR_ARM_FALSE=''
BUILD_FOR_ARM_TRUE='#'
CC='gcc'
CCDEPMODE='depmode=gcc3'
CFLAGS='-g'
CPP='gcc -E'
CPPFLAGS=''
CYGPATH_W='echo'
DEFS='-DHAVE_CONFIG_H'
DEPDIR='.deps'
DSYMUTIL=''
DUMPBIN=''
DVBPSI_CFLAGS=' '
DVBPSI_LIBS='-ldvbpsi  '
ECHO_C=''
ECHO_N='-n'
ECHO_T=''
EGREP='/bin/grep -E'
EXEEXT=''
FGREP='/bin/grep -F'
GREP='/bin/grep'
HAVE_DVBPSI='yes'
HAVE_DVBPSI_FALSE='#'
HAVE_DVBPSI_TRUE=''
INSTALL_DATA='${INSTALL} -m 644'
INSTALL_PROGRAM='${INSTALL}'
INSTALL_SCRIPT='${INSTALL}'
INSTALL_STRIP_PROGRAM='$(install_sh) -c -s'
LD='/usr/bin/ld'
LDFLAGS=''
LIBOBJS=''
LIBS=''
LIBTOOL='$(SHELL) $(top_builddir)/libtool'
LIPO=''
LN_S='ln -s'
LTLIBOBJS=''
MAINT='#'
MAINTAINER_MODE_FALSE=''
MAINTAINER_MODE_TRUE='#'
MAKEINFO='${SHELL} /home/wucan/workdir/x/xmux/missing --run makeinfo'
MKDIR_P='/bin/mkdir -p'
NM='/usr/bin/nm -B'
NMEDIT=''
OBJDUMP='objdump'
OBJEXT='o'
OTOOL64=''
OTOOL=''
PACKAGE='xmux'
PACKAGE_BUGREPORT='http://www.canus.org/xmux'
PACKAGE_NAME='xmux'
PACKAGE_STRING='xmux 0.0.1'
PACKAGE_TARNAME='xmux'
PACKAGE_URL=''
PACKAGE_VERSION='0.0.1'
PATH_SEPARATOR=':'
PKG_CONFIG='/usr/bin/pkg-config'
PKG_CONFIG_LIBDIR=''
PKG_CONFIG_PATH=''
RANLIB='ranlib'
SED='/bin/sed'
SET_MAKE=''
SHELL='/bin/bash'
STRIP='strip'
VERSION='0.0.1'
ac_ct_CC='gcc'
ac_ct_DUMPBIN=''
am__EXEEXT_FALSE=''
am__EXEEXT_TRUE='#'
am__fastdepCC_FALSE='#'
am__fastdepCC_TRUE=''
am__include='include'
am__isrc=''
am__leading_dot='.'
am__quote=''
am__tar='${AMTAR} chof - "$$tardir"'
am__untar='${AMTAR} xf -'
bindir='${exec_prefix}/bin'
build='i686-pc-linux-gnu'
build_alias=''
build_cpu='i686'
build_os='linux-gnu'
build_vendor='pc'
datadir='${datarootdir}'
datarootdir='${prefix}/share'
docdir='${datarootdir}/doc/${PACKAGE_TARNAME}'
dvidir='${docdir}'
exec_prefix='${prefix}'
host='i686-pc-linux-gnu'
host_alias=''
host_cpu='i686'
host_os='linux-gnu'
host_vendor='pc'
htmldir='${docdir}'
includedir='${prefix}/include'
infodir='${datarootdir}/info'
install_sh='${SHELL} /home/wucan/workdir/x/xmux/install-sh'
libdir='${exec_prefix}/lib'
libexecdir='${exec_prefix}/libexec'
localedir='${datarootdir}/locale'
localstatedir='${prefix}/var'
lt_ECHO='echo'
mandir='${datarootdir}/man'
mkdir_p='/bin/mkdir -p'
oldincludedir='/usr/include'
pdfdir='${docdir}'
prefix='/usr/local'
program_transform_name='s,x,x,'
psdir='${docdir}'
sbindir='${exec_prefix}/sbin'
sharedstatedir='${prefix}/com'
sysconfdir='${prefix}/etc'
target_alias=''

## ----------- ##
## confdefs.h. ##
## ----------- ##

/* confdefs.h */
#define PACKAGE_NAME "xmux"
#define PACKAGE_TARNAME "xmux"
#define PACKAGE_VERSION "0.0.1"
#define PACKAGE_STRING "xmux 0.0.1"
#define PACKAGE_BUGREPORT "http://www.canus.org/xmux"
#define PACKAGE_URL ""
#define PACKAGE "xmux"
#define VERSION "0.0.1"
#define STDC_HEADERS 1
#define HAVE_SYS_TYPES_H 1
#define HAVE_SYS_STAT_H 1
#define HAVE_STDLIB_H 1
#define HAVE_STRING_H 1
#define HAVE_MEMORY_H 1
#define HAVE_STRINGS_H 1
#define HAVE_INTTYPES_H 1
#define HAVE_STDINT_H 1
#define HAVE_UNISTD_H 1
#define HAVE_DLFCN_H 1
#define LT_OBJDIR ".libs/"
#define BUILD_TARGET i386
#define HAVE_DVBPSI 1

configure: exit 0

## ---------------------- ##
## Running config.status. ##
## ---------------------- ##

This file was extended by xmux config.status 0.0.1, which was
generated by GNU Autoconf 2.67.  Invocation command line was

  CONFIG_FILES    = 
  CONFIG_HEADERS  = 
  CONFIG_LINKS    = 
  CONFIG_COMMANDS = 
  $ ./config.status Makefile

on wucan-laptop

config.status:1090: creating Makefile

## ---------------------- ##
## Running config.status. ##
## ---------------------- ##

This file was extended by xmux config.status 0.0.1, which was
generated by GNU Autoconf 2.67.  Invocation command line was

  CONFIG_FILES    = 
  CONFIG_HEADERS  = 
  CONFIG_LINKS    = 
  CONFIG_COMMANDS = 
  $ ./config.status src/Makefile depfiles

on wucan-laptop

config.status:1090: creating src/Makefile
config.status:1318: executing depfiles commands

## ---------------------- ##
## Running config.status. ##
## ---------------------- ##

This file was extended by xmux config.status 0.0.1, which was
generated by GNU Autoconf 2.67.  Invocation command line was

  CONFIG_FILES    = 
  CONFIG_HEADERS  = 
  CONFIG_LINKS    = 
  CONFIG_COMMANDS = 
  $ ./config.status src/imp/Makefile depfiles

on wucan-laptop

config.status:1090: creating src/imp/Makefile
config.status:1318: executing depfiles commands

## ---------------------- ##
## Running config.status. ##
## ---------------------- ##

This file was extended by xmux config.status 0.0.1, which was
generated by GNU Autoconf 2.67.  Invocation command line was

  CONFIG_FILES    = 
  CONFIG_HEADERS  = 
  CONFIG_LINKS    = 
  CONFIG_COMMANDS = 
  $ ./config.status src/imp/fpga/Makefile depfiles

on wucan-laptop

config.status:1090: creating src/imp/fpga/Makefile
config.status:1318: executing depfiles commands

## ---------------------- ##
## Running config.status. ##
## ---------------------- ##

This file was extended by xmux config.status 0.0.1, which was
generated by GNU Autoconf 2.67.  Invocation command line was

  CONFIG_FILES    = 
  CONFIG_HEADERS  = 
  CONFIG_LINKS    = 
  CONFIG_COMMANDS = 
  $ ./config.status src/psisi/Makefile depfiles

on wucan-laptop

config.status:1090: creating src/psisi/Makefile
config.status:1318: executing depfiles commands

## ---------------------- ##
## Running config.status. ##
## ---------------------- ##

This file was extended by xmux config.status 0.0.1, which was
generated by GNU Autoconf 2.67.  Invocation command line was

  CONFIG_FILES    = 
  CONFIG_HEADERS  = 
  CONFIG_LINKS    = 
  CONFIG_COMMANDS = 
  $ ./config.status src/libwu/Makefile depfiles

on wucan-laptop

config.status:1090: creating src/libwu/Makefile
config.status:1318: executing depfiles commands

## ---------------------- ##
## Running config.status. ##
## ---------------------- ##

This file was extended by xmux config.status 0.0.1, which was
generated by GNU Autoconf 2.67.  Invocation command line was

  CONFIG_FILES    = 
  CONFIG_HEADERS  = 
  CONFIG_LINKS    = 
  CONFIG_COMMANDS = 
  $ ./config.status doc/Makefile

on wucan-laptop

config.status:1090: creating doc/Makefile
